Determining if the pthread_create exist failed with the following output:
Change Dir: /home/ics/examples/build/CMakeFiles/CMakeTmp

Run Build Command:"/usr/bin/make" "cmTC_31bfd/fast"
/usr/bin/make -f CMakeFiles/cmTC_31bfd.dir/build.make CMakeFiles/cmTC_31bfd.dir/build
make[1]: Entering directory `/home/ics/examples/build/CMakeFiles/CMakeTmp'
Building C object CMakeFiles/cmTC_31bfd.dir/CheckSymbolExists.c.o
/usr/bin/cc     -o CMakeFiles/cmTC_31bfd.dir/CheckSymbolExists.c.o   -c /home/ics/examples/build/CMakeFiles/CMakeTmp/CheckSymbolExists.c
Linking C executable cmTC_31bfd
/usr/local/bin/cmake -E cmake_link_script CMakeFiles/cmTC_31bfd.dir/link.txt --verbose=1
/usr/bin/cc       CMakeFiles/cmTC_31bfd.dir/CheckSymbolExists.c.o  -o cmTC_31bfd -rdynamic 
CMakeFiles/cmTC_31bfd.dir/CheckSymbolExists.c.o: In function `main':
CheckSymbolExists.c:(.text+0x16): undefined reference to `pthread_create'
collect2: error: ld returned 1 exit status
make[1]: *** [cmTC_31bfd] Error 1
make[1]: Leaving directory `/home/ics/examples/build/CMakeFiles/CMakeTmp'
make: *** [cmTC_31bfd/fast] Error 2

File /home/ics/examples/build/CMakeFiles/CMakeTmp/CheckSymbolExists.c:
/* */
#include <pthread.h>

int main(int argc, char** argv)
{
  (void)argv;
#ifndef pthread_create
  return ((int*)(&pthread_create))[argc];
#else
  (void)argc;
  return 0;
#endif
}

Determining if the function pthread_create exists in the pthreads failed with the following output:
Change Dir: /home/ics/examples/build/CMakeFiles/CMakeTmp

Run Build Command:"/usr/bin/make" "cmTC_940d9/fast"
/usr/bin/make -f CMakeFiles/cmTC_940d9.dir/build.make CMakeFiles/cmTC_940d9.dir/build
make[1]: Entering directory `/home/ics/examples/build/CMakeFiles/CMakeTmp'
Building C object CMakeFiles/cmTC_940d9.dir/CheckFunctionExists.c.o
/usr/bin/cc    -DCHECK_FUNCTION_EXISTS=pthread_create   -o CMakeFiles/cmTC_940d9.dir/CheckFunctionExists.c.o   -c /usr/local/share/cmake-3.6/Modules/CheckFunctionExists.c
Linking C executable cmTC_940d9
/usr/local/bin/cmake -E cmake_link_script CMakeFiles/cmTC_940d9.dir/link.txt --verbose=1
/usr/bin/cc   -DCHECK_FUNCTION_EXISTS=pthread_create    CMakeFiles/cmTC_940d9.dir/CheckFunctionExists.c.o  -o cmTC_940d9 -rdynamic -lpthreads 
/usr/bin/ld: cannot find -lpthreads
collect2: error: ld returned 1 exit status
make[1]: *** [cmTC_940d9] Error 1
make[1]: Leaving directory `/home/ics/examples/build/CMakeFiles/CMakeTmp'
make: *** [cmTC_940d9/fast] Error 2


Determining if the pthread_create exist failed with the following output:
Change Dir: /home/ics/git/kinect_v2/build/CMakeFiles/CMakeTmp

Run Build Command:"/usr/bin/make" "cmTC_b435a/fast"
/usr/bin/make -f CMakeFiles/cmTC_b435a.dir/build.make CMakeFiles/cmTC_b435a.dir/build
make[1]: Entering directory `/home/ics/git/kinect_v2/build/CMakeFiles/CMakeTmp'
Building C object CMakeFiles/cmTC_b435a.dir/CheckSymbolExists.c.o
/usr/bin/cc     -o CMakeFiles/cmTC_b435a.dir/CheckSymbolExists.c.o   -c /home/ics/git/kinect_v2/build/CMakeFiles/CMakeTmp/CheckSymbolExists.c
Linking C executable cmTC_b435a
/usr/local/bin/cmake -E cmake_link_script CMakeFiles/cmTC_b435a.dir/link.txt --verbose=1
/usr/bin/cc       CMakeFiles/cmTC_b435a.dir/CheckSymbolExists.c.o  -o cmTC_b435a -rdynamic 
CMakeFiles/cmTC_b435a.dir/CheckSymbolExists.c.o: In function `main':
CheckSymbolExists.c:(.text+0x16): undefined reference to `pthread_create'
collect2: error: ld returned 1 exit status
make[1]: *** [cmTC_b435a] Error 1
make[1]: Leaving directory `/home/ics/git/kinect_v2/build/CMakeFiles/CMakeTmp'
make: *** [cmTC_b435a/fast] Error 2

File /home/ics/git/kinect_v2/build/CMakeFiles/CMakeTmp/CheckSymbolExists.c:
/* */
#include <pthread.h>

int main(int argc, char** argv)
{
  (void)argv;
#ifndef pthread_create
  return ((int*)(&pthread_create))[argc];
#else
  (void)argc;
  return 0;
#endif
}

Determining if the function pthread_create exists in the pthreads failed with the following output:
Change Dir: /home/ics/git/kinect_v2/build/CMakeFiles/CMakeTmp

Run Build Command:"/usr/bin/make" "cmTC_b7f35/fast"
/usr/bin/make -f CMakeFiles/cmTC_b7f35.dir/build.make CMakeFiles/cmTC_b7f35.dir/build
make[1]: Entering directory `/home/ics/git/kinect_v2/build/CMakeFiles/CMakeTmp'
Building C object CMakeFiles/cmTC_b7f35.dir/CheckFunctionExists.c.o
/usr/bin/cc    -DCHECK_FUNCTION_EXISTS=pthread_create   -o CMakeFiles/cmTC_b7f35.dir/CheckFunctionExists.c.o   -c /usr/local/share/cmake-3.6/Modules/CheckFunctionExists.c
Linking C executable cmTC_b7f35
/usr/local/bin/cmake -E cmake_link_script CMakeFiles/cmTC_b7f35.dir/link.txt --verbose=1
/usr/bin/cc   -DCHECK_FUNCTION_EXISTS=pthread_create    CMakeFiles/cmTC_b7f35.dir/CheckFunctionExists.c.o  -o cmTC_b7f35 -rdynamic -lpthreads 
/usr/bin/ld: cannot find -lpthreads
collect2: error: ld returned 1 exit status
make[1]: *** [cmTC_b7f35] Error 1
make[1]: Leaving directory `/home/ics/git/kinect_v2/build/CMakeFiles/CMakeTmp'
make: *** [cmTC_b7f35/fast] Error 2


